c:\users\lenovo-li\source\repos\zswm\debug\zswm.pch
c:\users\lenovo-li\source\repos\zswm\debug\vc142.pdb
c:\users\lenovo-li\source\repos\zswm\debug\vc142.idb
c:\users\lenovo-li\source\repos\zswm\debug\pch.obj
c:\users\lenovo-li\source\repos\zswm\debug\zswmview.obj
c:\users\lenovo-li\source\repos\zswm\debug\zswmdoc.obj
c:\users\lenovo-li\source\repos\zswm\debug\zswm.obj
c:\users\lenovo-li\source\repos\zswm\debug\tabsheet.obj
c:\users\lenovo-li\source\repos\zswm\debug\mainfrm.obj
c:\users\lenovo-li\source\repos\zswm\debug\infofile.obj
c:\users\lenovo-li\source\repos\zswm\debug\czswmmap.obj
c:\users\lenovo-li\source\repos\zswm\debug\cus_selectview.obj
c:\users\lenovo-li\source\repos\zswm\debug\cus_dishinformation.obj
c:\users\lenovo-li\source\repos\zswm\debug\cdlg_login.obj
c:\users\lenovo-li\source\repos\zswm\debug\cdlg_cus_lishidingdan.obj
c:\users\lenovo-li\source\repos\zswm\debug\cdig_cus_information.obj
c:\users\lenovo-li\source\repos\zswm\debug\cdig_cus_fuwu.obj
c:\users\lenovo-li\source\repos\zswm\debug\cdig_cus_diancan.obj
c:\users\lenovo-li\source\repos\zswm\debug\cdig_cusandshop_.obj
c:\users\lenovo-li\source\repos\zswm\debug\zswm.ilk
c:\users\lenovo-li\source\repos\zswm\debug\zswm.exe
c:\users\lenovo-li\source\repos\zswm\debug\zswm.pdb
c:\users\lenovo-li\source\repos\zswm\debug\zswm.res
c:\users\lenovo-li\source\repos\zswm\debug\zswm.tlog\cl.command.1.tlog
c:\users\lenovo-li\source\repos\zswm\debug\zswm.tlog\cl.read.1.tlog
c:\users\lenovo-li\source\repos\zswm\debug\zswm.tlog\cl.write.1.tlog
c:\users\lenovo-li\source\repos\zswm\debug\zswm.tlog\link.command.1.tlog
c:\users\lenovo-li\source\repos\zswm\debug\zswm.tlog\link.read.1.tlog
c:\users\lenovo-li\source\repos\zswm\debug\zswm.tlog\link.write.1.tlog
c:\users\lenovo-li\source\repos\zswm\debug\zswm.tlog\rc.command.1.tlog
c:\users\lenovo-li\source\repos\zswm\debug\zswm.tlog\rc.read.1.tlog
c:\users\lenovo-li\source\repos\zswm\debug\zswm.tlog\rc.write.1.tlog
